Warning in <TClass::TClass>: no dictionary for class edm::WrapperBase is available
Warning in <TClass::TClass>: no dictionary for class edm::Wrapper<vector<unsigned char> > is available
Warning in <TClass::TClass>: no dictionary for class edm::Wrapper<vector<ULong64_t> > is available
Warning: -t,--timeout is deprecated! Use --timeout-* options instead
Using grid catalog type: UNKNOWN
Using grid catalog : (null)
VO name: cms
Checksum type: None
Destination SE type: SRMv2
Destination SRM Request Token: put:1853241
Source URL: file:/data1/condor_local/execute/dir_49113/glide_R9IudJ/execute/dir_55577/job_input/unknown_merged_ntuple_1.root
File size: 18775114
Source URL for copy: file:/data1/condor_local/execute/dir_49113/glide_R9IudJ/execute/dir_55577/job_input/unknown_merged_ntuple_1.root
Destination URL: gsiftp://cabinet-8-8-3.t2.ucsd.edu:2811//hadoop/cms/store/user/cwelke/dilepbabies/V00-00-00_T2bb_900_100/unknown_merged_ntuple_1.root
# streams: 1
            0 bytes      0.00 KB/sec avg      0.00 KB/sec inst
            0 bytes      0.00 KB/sec avg      0.00 KB/sec inst
      1048576 bytes    600.47 KB/sec avg    600.47 KB/sec inst
      1048576 bytes    600.47 KB/sec avg    600.47 KB/sec inst

Transfer took 3020 ms
rm: cannot remove directory: `.'
