Warning in <TClass::TClass>: no dictionary for class edm::WrapperBase is available
Warning in <TClass::TClass>: no dictionary for class edm::Wrapper<vector<unsigned char> > is available
Warning in <TClass::TClass>: no dictionary for class edm::Wrapper<vector<ULong64_t> > is available
Warning: -t,--timeout is deprecated! Use --timeout-* options instead
Using grid catalog type: UNKNOWN
Using grid catalog : (null)
VO name: cms
Checksum type: None
Destination SE type: SRMv2
Destination SRM Request Token: put:1857821
Source URL: file:/data1/condor_local/execute/dir_116857/glide_60EDZj/execute/dir_151592/job_input/ttall_msdecays_merged_ntuple_61.root
File size: 30826035
Source URL for copy: file:/data1/condor_local/execute/dir_116857/glide_60EDZj/execute/dir_151592/job_input/ttall_msdecays_merged_ntuple_61.root
Destination URL: gsiftp://cabinet-8-8-7.t2.ucsd.edu:2811//hadoop/cms/store/user/cwelke/dilepbabies/V00-00-00_ttall_msdecays/ttall_msdecays_merged_ntuple_61.root
# streams: 1
            0 bytes      0.00 KB/sec avg      0.00 KB/sec inst
            0 bytes      0.00 KB/sec avg      0.00 KB/sec inst
            0 bytes      0.00 KB/sec avg      0.00 KB/sec inst
            0 bytes      0.00 KB/sec avg      0.00 KB/sec inst
      1048576 bytes    323.88 KB/sec avg    323.88 KB/sec inst
     16777216 bytes   3844.52 KB/sec avg  13963.64 KB/sec inst
     16777216 bytes   3844.52 KB/sec avg  13963.64 KB/sec inst
     16777216 bytes   3844.52 KB/sec avg  13963.64 KB/sec inst

Transfer took 7080 ms
rm: cannot remove directory: `.'
