Warning in <TClass::TClass>: no dictionary for class edm::WrapperBase is available
Warning in <TClass::TClass>: no dictionary for class edm::Wrapper<vector<unsigned char> > is available
Warning in <TClass::TClass>: no dictionary for class edm::Wrapper<vector<ULong64_t> > is available
Warning: -t,--timeout is deprecated! Use --timeout-* options instead
Using grid catalog type: UNKNOWN
Using grid catalog : (null)
VO name: cms
Checksum type: None
Destination SE type: SRMv2
Destination SRM Request Token: put:1858254
Source URL: file:/data1/condor_local/execute/dir_49113/glide_R9IudJ/execute/dir_117823/job_input/wjets_ht200to400_merged_ntuple_2.root
File size: 18537079
Source URL for copy: file:/data1/condor_local/execute/dir_49113/glide_R9IudJ/execute/dir_117823/job_input/wjets_ht200to400_merged_ntuple_2.root
Destination URL: gsiftp://cabinet-8-8-10.t2.ucsd.edu:2811//hadoop/cms/store/user/cwelke/dilepbabies/V00-00-00_wjets_ht200to400/wjets_ht200to400_merged_ntuple_2.root
# streams: 1
            0 bytes      0.00 KB/sec avg      0.00 KB/sec inst
            0 bytes      0.00 KB/sec avg      0.00 KB/sec inst
            0 bytes      0.00 KB/sec avg      0.00 KB/sec inst
      1048576 bytes    420.20 KB/sec avg    420.20 KB/sec inst
     17825792 bytes   5064.95 KB/sec avg  16384.00 KB/sec inst
     17825792 bytes   5064.95 KB/sec avg  16384.00 KB/sec inst
     17825792 bytes   5064.95 KB/sec avg  16384.00 KB/sec inst

Transfer took 6020 ms
rm: cannot remove directory: `.'
