Warning in <TClass::TClass>: no dictionary for class edm::WrapperBase is available
Warning in <TClass::TClass>: no dictionary for class edm::Wrapper<vector<unsigned char> > is available
Warning in <TClass::TClass>: no dictionary for class edm::Wrapper<vector<ULong64_t> > is available
Warning: -t,--timeout is deprecated! Use --timeout-* options instead
Using grid catalog type: UNKNOWN
Using grid catalog : (null)
VO name: cms
Checksum type: None
Destination SE type: SRMv2
Destination SRM Request Token: put:1854939
Source URL: file:/data1/condor_local/execute/dir_124534/glide_OyYgcQ/execute/dir_143472/job_input/dyjetsll_ht600toInf_merged_ntuple_20.root
File size: 122117099
Source URL for copy: file:/data1/condor_local/execute/dir_124534/glide_OyYgcQ/execute/dir_143472/job_input/dyjetsll_ht600toInf_merged_ntuple_20.root
Destination URL: gsiftp://cabinet-8-8-5.t2.ucsd.edu:2811//hadoop/cms/store/user/cwelke/dilepbabies/V00-00-00_dyjetsll_ht600toInf/dyjetsll_ht600toInf_merged_ntuple_20.root
# streams: 1
            0 bytes      0.00 KB/sec avg      0.00 KB/sec inst
            0 bytes      0.00 KB/sec avg      0.00 KB/sec inst
            0 bytes      0.00 KB/sec avg      0.00 KB/sec inst
      1048576 bytes    510.39 KB/sec avg    510.39 KB/sec inst
     33554432 bytes  10548.92 KB/sec avg  28858.18 KB/sec inst
     69206016 bytes  16458.65 KB/sec avg  34816.00 KB/sec inst
    106954752 bytes  20454.77 KB/sec avg  36864.00 KB/sec inst

Transfer took 6010 ms
rm: cannot remove directory: `.'
