Warning in <TClass::TClass>: no dictionary for class edm::WrapperBase is available
Warning in <TClass::TClass>: no dictionary for class edm::Wrapper<vector<unsigned char> > is available
Warning in <TClass::TClass>: no dictionary for class edm::Wrapper<vector<ULong64_t> > is available
Warning: -t,--timeout is deprecated! Use --timeout-* options instead
Using grid catalog type: UNKNOWN
Using grid catalog : (null)
VO name: cms
Checksum type: None
Destination SE type: SRMv2
Destination SRM Request Token: put:1853697
Source URL: file:/data1/condor_local/execute/dir_49113/glide_R9IudJ/execute/dir_58427/job_input/dyjetsll_ht100to200_merged_ntuple_15.root
File size: 60798279
Source URL for copy: file:/data1/condor_local/execute/dir_49113/glide_R9IudJ/execute/dir_58427/job_input/dyjetsll_ht100to200_merged_ntuple_15.root
Destination URL: gsiftp://cabinet-8-8-3.t2.ucsd.edu:2811//hadoop/cms/store/user/cwelke/dilepbabies/V00-00-00_dyjetsll_ht100to200/dyjetsll_ht100to200_merged_ntuple_15.root
# streams: 1
            0 bytes      0.00 KB/sec avg      0.00 KB/sec inst
            0 bytes      0.00 KB/sec avg      0.00 KB/sec inst
      1048576 bytes    570.39 KB/sec avg    570.39 KB/sec inst
     52428800 bytes  18316.70 KB/sec avg  50176.00 KB/sec inst
     52428800 bytes  18316.70 KB/sec avg  50176.00 KB/sec inst

Transfer took 4000 ms
rm: cannot remove directory: `.'
