Warning in <TClass::TClass>: no dictionary for class edm::WrapperBase is available
Warning in <TClass::TClass>: no dictionary for class edm::Wrapper<vector<unsigned char> > is available
Warning in <TClass::TClass>: no dictionary for class edm::Wrapper<vector<ULong64_t> > is available
Warning: -t,--timeout is deprecated! Use --timeout-* options instead
Using grid catalog type: UNKNOWN
Using grid catalog : (null)
VO name: cms
Checksum type: None
Destination SE type: SRMv2
Destination SRM Request Token: put:1856812
Source URL: file:/data1/condor_local/execute/dir_49113/glide_R9IudJ/execute/dir_93406/job_input/ttall_msdecays_merged_ntuple_1.root
File size: 30843656
Source URL for copy: file:/data1/condor_local/execute/dir_49113/glide_R9IudJ/execute/dir_93406/job_input/ttall_msdecays_merged_ntuple_1.root
Destination URL: gsiftp://cabinet-8-8-6.t2.ucsd.edu:2811//hadoop/cms/store/user/cwelke/dilepbabies/V00-00-00_ttall_msdecays/ttall_msdecays_merged_ntuple_1.root
# streams: 1
            0 bytes      0.00 KB/sec avg      0.00 KB/sec inst
            0 bytes      0.00 KB/sec avg      0.00 KB/sec inst
      1048576 bytes    550.42 KB/sec avg    550.42 KB/sec inst
     16777216 bytes   5534.40 KB/sec avg  13963.64 KB/sec inst
     16777216 bytes   5534.40 KB/sec avg  13963.64 KB/sec inst
     22020096 bytes   5296.04 KB/sec avg   4654.54 KB/sec inst
     28311552 bytes   5255.88 KB/sec avg   5120.00 KB/sec inst
     28311552 bytes   5255.88 KB/sec avg   5120.00 KB/sec inst
     28311552 bytes   5255.88 KB/sec avg   5120.00 KB/sec inst
     28311552 bytes   5255.88 KB/sec avg   5120.00 KB/sec inst

Transfer took 9010 ms
rm: cannot remove directory: `.'
