Warning in <TClass::TClass>: no dictionary for class edm::WrapperBase is available
Warning in <TClass::TClass>: no dictionary for class edm::Wrapper<vector<unsigned char> > is available
Warning in <TClass::TClass>: no dictionary for class edm::Wrapper<vector<ULong64_t> > is available
Warning: -t,--timeout is deprecated! Use --timeout-* options instead
Using grid catalog type: UNKNOWN
Using grid catalog : (null)
VO name: cms
Checksum type: None
Destination SE type: SRMv2
Destination SRM Request Token: put:1854601
Source URL: file:/data1/condor_local/execute/dir_49113/glide_R9IudJ/execute/dir_64901/job_input/dyjetsll_ht600toInf_merged_ntuple_15.root
File size: 122089861
Source URL for copy: file:/data1/condor_local/execute/dir_49113/glide_R9IudJ/execute/dir_64901/job_input/dyjetsll_ht600toInf_merged_ntuple_15.root
Destination URL: gsiftp://cabinet-8-8-3.t2.ucsd.edu:2811//hadoop/cms/store/user/cwelke/dilepbabies/V00-00-00_dyjetsll_ht600toInf/dyjetsll_ht600toInf_merged_ntuple_15.root
# streams: 1
            0 bytes      0.00 KB/sec avg      0.00 KB/sec inst
            0 bytes      0.00 KB/sec avg      0.00 KB/sec inst
            0 bytes      0.00 KB/sec avg      0.00 KB/sec inst
      1048576 bytes    422.72 KB/sec avg    422.72 KB/sec inst
     15728640 bytes   4360.66 KB/sec avg  13032.73 KB/sec inst
     31457280 bytes   6792.85 KB/sec avg  15360.00 KB/sec inst
     50331648 bytes   8742.17 KB/sec avg  16756.37 KB/sec inst
     61865984 bytes   8987.26 KB/sec avg  10240.00 KB/sec inst
     73400320 bytes   9282.09 KB/sec avg  11264.00 KB/sec inst
     82837504 bytes   9169.38 KB/sec avg   8378.18 KB/sec inst
     93323264 bytes   9184.87 KB/sec avg   9309.09 KB/sec inst
    116391936 bytes  10406.50 KB/sec avg  22528.00 KB/sec inst
    116391936 bytes  10406.50 KB/sec avg  22528.00 KB/sec inst

Transfer took 12010 ms
rm: cannot remove directory: `.'
