Warning in <TClass::TClass>: no dictionary for class edm::WrapperBase is available
Warning in <TClass::TClass>: no dictionary for class edm::Wrapper<vector<unsigned char> > is available
Warning in <TClass::TClass>: no dictionary for class edm::Wrapper<vector<ULong64_t> > is available
Warning: -t,--timeout is deprecated! Use --timeout-* options instead
Using grid catalog type: UNKNOWN
Using grid catalog : (null)
VO name: cms
Checksum type: None
Destination SE type: SRMv2
Destination SRM Request Token: put:1857399
Source URL: file:/data1/condor_local/execute/dir_124534/glide_OyYgcQ/execute/dir_157163/job_input/ttall_msdecays_merged_ntuple_21.root
File size: 30766114
Source URL for copy: file:/data1/condor_local/execute/dir_124534/glide_OyYgcQ/execute/dir_157163/job_input/ttall_msdecays_merged_ntuple_21.root
Destination URL: gsiftp://cabinet-8-8-1.t2.ucsd.edu:2811//hadoop/cms/store/user/cwelke/dilepbabies/V00-00-00_ttall_msdecays/ttall_msdecays_merged_ntuple_21.root
# streams: 1
            0 bytes      0.00 KB/sec avg      0.00 KB/sec inst
            0 bytes      0.00 KB/sec avg      0.00 KB/sec inst
            0 bytes      0.00 KB/sec avg      0.00 KB/sec inst
      1048576 bytes    463.77 KB/sec avg    463.77 KB/sec inst
     18874368 bytes   5408.49 KB/sec avg  14506.67 KB/sec inst
     18874368 bytes   5408.49 KB/sec avg  14506.67 KB/sec inst
     18874368 bytes   5408.49 KB/sec avg  14506.67 KB/sec inst

Transfer took 6010 ms
rm: cannot remove directory: `.'
