Warning in <TClass::TClass>: no dictionary for class edm::WrapperBase is available
Warning in <TClass::TClass>: no dictionary for class edm::Wrapper<vector<unsigned char> > is available
Warning in <TClass::TClass>: no dictionary for class edm::Wrapper<vector<ULong64_t> > is available
Warning: -t,--timeout is deprecated! Use --timeout-* options instead
Using grid catalog type: UNKNOWN
Using grid catalog : (null)
VO name: cms
Checksum type: None
Destination SE type: SRMv2
Destination SRM Request Token: put:1854086
Source URL: file:/data1/condor_local/execute/dir_124534/glide_OyYgcQ/execute/dir_133693/job_input/dyjetsll_ht200to400_merged_ntuple_25.root
File size: 90249763
Source URL for copy: file:/data1/condor_local/execute/dir_124534/glide_OyYgcQ/execute/dir_133693/job_input/dyjetsll_ht200to400_merged_ntuple_25.root
Destination URL: gsiftp://cabinet-8-8-10.t2.ucsd.edu:2811//hadoop/cms/store/user/cwelke/dilepbabies/V00-00-00_dyjetsll_ht200to400/dyjetsll_ht200to400_merged_ntuple_25.root
# streams: 1
            0 bytes      0.00 KB/sec avg      0.00 KB/sec inst
            0 bytes      0.00 KB/sec avg      0.00 KB/sec inst
            0 bytes      0.00 KB/sec avg      0.00 KB/sec inst
      1048576 bytes    475.15 KB/sec avg    475.15 KB/sec inst
     24117248 bytes   7464.77 KB/sec avg  22528.00 KB/sec inst
     39845888 bytes   9364.91 KB/sec avg  15360.00 KB/sec inst
     62914560 bytes  11918.32 KB/sec avg  22528.00 KB/sec inst
     62914560 bytes  11918.32 KB/sec avg  22528.00 KB/sec inst

Transfer took 7010 ms
rm: cannot remove directory: `.'
